Arguments: 
  /Users/bvodola/.nvm/versions/node/v8.2.1/bin/node /usr/local/Cellar/yarn/1.5.1_1/libexec/bin/yarn.js start

PATH: 
  /Users/bvodola/.nvm/versions/node/v8.2.1/bin:/Users/bvodola/.rvm/gems/ruby-2.4.1/bin:/Users/bvodola/.rvm/gems/ruby-2.4.1@global/bin:/Users/bvodola/.rvm/rubies/ruby-2.4.1/bin:/Library/Frameworks/Python.framework/Versions/3.6/bin:/Library/Frameworks/Python.framework/Versions/3.6/bin:/usr/local/bin:/usr/bin:/bin:/usr/sbin:/sbin:/Users/bvodola/Projects/redis-4.0.7/src:/Users/bvodola/Projects/mongodb/bin:/Users/bvodola/Projects/elasticsearch-2.4.0/bin:/Users/bvodola/Library/Android/sdk/tools:/Users/bvodola/Library/Android/sdk/platform-tools:/Users/bvodola/.rvm/bin

Yarn version: 
  1.5.1

Node version: 
  8.2.1

Platform: 
  darwin x64

npm manifest: 
  {
    "name": "com.reacttemplate.hello",
    "displayName": "ReactTemplate",
    "version": "1.0.0",
    "description": "A sample Apache Cordova application that responds to the deviceready event.",
    "main": "index.js",
    "scripts": {
      "test": "echo \"Error: no test specified\" && exit 1"
    },
    "author": "Apache Cordova Team",
    "license": "Apache-2.0",
    "dependencies": {
      "cordova-android": "^6.3.0",
      "cordova-ios": "^4.5.4",
      "cordova-plugin-browsersync": "^1.1.0",
      "cordova-plugin-whitelist": "^1.3.3"
    },
    "cordova": {
      "plugins": {
        "cordova-plugin-whitelist": {},
        "cordova-plugin-browsersync": {}
      },
      "platforms": [
        "android",
        "ios"
      ]
    }
  }

yarn manifest: 
  No manifest

Lockfile: 
  No lockfile

Trace: 
  Error: Command "start" not found.
      at new MessageError (/usr/local/Cellar/yarn/1.5.1_1/libexec/lib/cli.js:186:110)
      at /usr/local/Cellar/yarn/1.5.1_1/libexec/lib/cli.js:87307:17
      at Generator.next (<anonymous>)
      at step (/usr/local/Cellar/yarn/1.5.1_1/libexec/lib/cli.js:98:30)
      at /usr/local/Cellar/yarn/1.5.1_1/libexec/lib/cli.js:116:14
      at Promise (<anonymous>)
      at F (/usr/local/Cellar/yarn/1.5.1_1/libexec/lib/cli.js:23451:28)
      at /usr/local/Cellar/yarn/1.5.1_1/libexec/lib/cli.js:95:12
      at runCommand (/usr/local/Cellar/yarn/1.5.1_1/libexec/lib/cli.js:87312:22)
      at Object.<anonymous> (/usr/local/Cellar/yarn/1.5.1_1/libexec/lib/cli.js:87412:14)
